<?xml version="1.0" encoding="UTF-8"?>
<robot generator="Robot 7.4 (Python 3.12.2 on win32)" generated="2025-12-19T15:53:50.304026" rpa="false" schemaversion="5">
<suite id="s1" name="Login" source="C:\Users\asus\Desktop\POEI-ingenieur-test-QA\Chapitre-1-Selenium\selenium-automation-basics\exercice-1-qa-selenium\tests\login.robot">
<test id="s1-t1" name="Login With Valid Credentials" line="8">
<kw name="Open Browser To Login Page" owner="keywords" type="SETUP">
<kw name="Open Browser" owner="SeleniumLibrary">
<msg time="2025-12-19T15:53:50.590458" level="INFO">Opening browser 'chrome' to base url 'https://the-internet.herokuapp.com/login'.</msg>
<arg>${URL}</arg>
<arg>${BROWSER}</arg>
<doc>Opens a new browser instance to the optional ``url``.</doc>
<status status="PASS" start="2025-12-19T15:53:50.590458" elapsed="2.783886"/>
</kw>
<kw name="Maximize Browser Window" owner="SeleniumLibrary">
<doc>Maximizes current browser window.</doc>
<status status="PASS" start="2025-12-19T15:53:53.374344" elapsed="0.124031"/>
</kw>
<status status="PASS" start="2025-12-19T15:53:50.589846" elapsed="2.908529"/>
</kw>
<kw name="Enter Username" owner="keywords">
<kw name="Input Text" owner="SeleniumLibrary">
<msg time="2025-12-19T15:53:53.500567" level="INFO">Typing text 'tomsmith' into text field 'id=username'.</msg>
<arg>id=username</arg>
<arg>${username}</arg>
<doc>Types the given ``text`` into the text field identified by ``locator``.</doc>
<status status="PASS" start="2025-12-19T15:53:53.499384" elapsed="0.117905"/>
</kw>
<arg>tomsmith</arg>
<status status="PASS" start="2025-12-19T15:53:53.499384" elapsed="0.117905"/>
</kw>
<kw name="Enter Password" owner="keywords">
<kw name="Input Text" owner="SeleniumLibrary">
<msg time="2025-12-19T15:53:53.620308" level="INFO">Typing text 'SuperSecretPassword!' into text field 'id=password'.</msg>
<arg>id=password</arg>
<arg>${password}</arg>
<doc>Types the given ``text`` into the text field identified by ``locator``.</doc>
<status status="PASS" start="2025-12-19T15:53:53.618915" elapsed="0.155972"/>
</kw>
<arg>SuperSecretPassword!</arg>
<status status="PASS" start="2025-12-19T15:53:53.618915" elapsed="0.155972"/>
</kw>
<kw name="Submit Login" owner="keywords">
<kw name="Click Button" owner="SeleniumLibrary">
<msg time="2025-12-19T15:53:53.775885" level="INFO">Clicking button 'css=button[type='submit']'.</msg>
<arg>css=button[type='submit']</arg>
<doc>Clicks the button identified by ``locator``.</doc>
<status status="PASS" start="2025-12-19T15:53:53.775885" elapsed="0.363920"/>
</kw>
<status status="PASS" start="2025-12-19T15:53:53.775885" elapsed="0.363920"/>
</kw>
<kw name="Verify Login Success" owner="keywords">
<kw name="Wait Until Page Contains" owner="SeleniumLibrary">
<arg>secure are</arg>
<arg>timeout=10s</arg>
<doc>Waits until ``text`` appears on the current page.</doc>
<status status="PASS" start="2025-12-19T15:53:54.140882" elapsed="0.009677"/>
</kw>
<status status="PASS" start="2025-12-19T15:53:54.140882" elapsed="0.010989"/>
</kw>
<status status="PASS" start="2025-12-19T15:53:50.589073" elapsed="3.562798"/>
</test>
<test id="s1-t2" name="Login With Invalid Credentials" line="14">
<kw name="Open Browser To Login Page" owner="keywords" type="SETUP">
<kw name="Open Browser" owner="SeleniumLibrary">
<msg time="2025-12-19T15:53:54.152991" level="INFO">Opening browser 'chrome' to base url 'https://the-internet.herokuapp.com/login'.</msg>
<arg>${URL}</arg>
<arg>${BROWSER}</arg>
<doc>Opens a new browser instance to the optional ``url``.</doc>
<status status="PASS" start="2025-12-19T15:53:54.152991" elapsed="2.962692"/>
</kw>
<kw name="Maximize Browser Window" owner="SeleniumLibrary">
<doc>Maximizes current browser window.</doc>
<status status="PASS" start="2025-12-19T15:53:57.116744" elapsed="0.119526"/>
</kw>
<status status="PASS" start="2025-12-19T15:53:54.152991" elapsed="3.084290"/>
</kw>
<kw name="Enter Username" owner="keywords">
<kw name="Input Text" owner="SeleniumLibrary">
<msg time="2025-12-19T15:53:57.237281" level="INFO">Typing text 'tomsmith' into text field 'id=username'.</msg>
<arg>id=username</arg>
<arg>${username}</arg>
<doc>Types the given ``text`` into the text field identified by ``locator``.</doc>
<status status="PASS" start="2025-12-19T15:53:57.237281" elapsed="0.107234"/>
</kw>
<arg>tomsmith</arg>
<status status="PASS" start="2025-12-19T15:53:57.237281" elapsed="0.108498"/>
</kw>
<kw name="Enter Password" owner="keywords">
<kw name="Input Text" owner="SeleniumLibrary">
<msg time="2025-12-19T15:53:57.346794" level="INFO">Typing text 'SuperWeakPassword?' into text field 'id=password'.</msg>
<arg>id=password</arg>
<arg>${password}</arg>
<doc>Types the given ``text`` into the text field identified by ``locator``.</doc>
<status status="PASS" start="2025-12-19T15:53:57.345779" elapsed="0.123806"/>
</kw>
<arg>SuperWeakPassword?</arg>
<status status="PASS" start="2025-12-19T15:53:57.345779" elapsed="0.123806"/>
</kw>
<kw name="Submit Login" owner="keywords">
<kw name="Click Button" owner="SeleniumLibrary">
<msg time="2025-12-19T15:53:57.470583" level="INFO">Clicking button 'css=button[type='submit']'.</msg>
<arg>css=button[type='submit']</arg>
<doc>Clicks the button identified by ``locator``.</doc>
<status status="PASS" start="2025-12-19T15:53:57.470583" elapsed="0.351391"/>
</kw>
<status status="PASS" start="2025-12-19T15:53:57.469585" elapsed="0.353776"/>
</kw>
<kw name="Verify Login Error" owner="keywords">
<kw name="Wait Until Page Contains" owner="SeleniumLibrary">
<arg>Your password is invalid!</arg>
<arg>timeout=10s</arg>
<doc>Waits until ``text`` appears on the current page.</doc>
<status status="PASS" start="2025-12-19T15:53:57.823361" elapsed="0.010000"/>
</kw>
<status status="PASS" start="2025-12-19T15:53:57.823361" elapsed="0.010000"/>
</kw>
<status status="PASS" start="2025-12-19T15:53:54.151871" elapsed="3.682489"/>
</test>
<kw name="Close Browser" owner="SeleniumLibrary" type="TEARDOWN">
<doc>Closes the current browser.</doc>
<status status="PASS" start="2025-12-19T15:53:57.835360" elapsed="2.129710"/>
</kw>
<status status="PASS" start="2025-12-19T15:53:50.306029" elapsed="9.659041"/>
</suite>
<statistics>
<total>
<stat pass="2" fail="0" skip="0">All Tests</stat>
</total>
<tag>
</tag>
<suite>
<stat name="Login" id="s1" pass="2" fail="0" skip="0">Login</stat>
</suite>
</statistics>
<errors>
</errors>
</robot>
